make all --print-data-base --no-builtin-variables --no-builtin-rules --question
# GNU Make 3.81
# Copyright (C) 2006  Free Software Foundation, Inc.
# This is free software; see the source for copying conditions.
# There is NO warranty; not even for MERCHANTABILITY or FITNESS FOR A
# PARTICULAR PURPOSE.

# This program built for i386-apple-darwin11.3.0

# Make data base, printed on Sat May  7 13:35:50 2022

# Variables

# automatic
<D = $(patsubst %/,%,$(dir $<))
# automatic
?F = $(notdir $?)
# environment
ELECTRON_NO_ATTACH_CONSOLE = 1
# environment
VSCODE_LOG_NATIVE = false
# automatic
 
GNUmakefile:16: ../../../config/binmake.gmk: No such file or directory
make: *** No rule to make target `../../../config/binmake.gmk'.  Stop.

?D = $(patsubst %/,%,$(dir $?))
# automatic
@D = $(patsubst %/,%,$(dir $@))
# automatic
@F = $(notdir $@)
# makefile
CURDIR := /Users/emanuelerosi/dreamG4/dreamExperiment
# makefile
SHELL = /bin/sh
# environment
VSCODE_NLS_CONFIG = {"locale":"it","availableLanguages":{"*":"it"},"_languagePackId":"c234bf5fe3bd6e3edd34e34d60082d11.it","_translationsConfigFile":"/Users/emanuelerosi/Library/Application Support/Code/clp/c234bf5fe3bd6e3edd34e34d60082d11.it/tcf.json","_cacheRoot":"/Users/emanuelerosi/Library/Application Support/Code/clp/c234bf5fe3bd6e3edd34e34d60082d11.it","_resolvedLanguagePackCoreLocation":"/Users/emanuelerosi/Library/Application Support/Code/clp/c234bf5fe3bd6e3edd34e34d60082d11.it/57fd6d0195bb9b9d1b49f6da5db789060795de47","_corruptedFile":"/Users/emanuelerosi/Library/Application Support/Code/clp/c234bf5fe3bd6e3edd34e34d60082d11.it/corrupted.info","_languagePackSupport":true}
# environment
_ = /usr/bin/make
# makefile (from `GNUmakefile', line 1)
MAKEFILE_LIST :=  GNUmakefile
# environment
ROOTSYS = /usr/local/Cellar/root/6.24.04/
# environment
VSCODE_VERBOSE_LOGGING = true
# environment
__CFBundleIdentifier = com.microsoft.VSCode
# environment
VSCODE_IPC_HOOK_EXTHOST = /var/folders/dr/0kfsv0410yqcv4gkk8gg9vbc0000gn/T/vscode-ipc-7aa8ff2d-dcf0-46dc-810b-3b05be416aaa.sock
# environment
VSCODE_CWD = /Users/emanuelerosi/dreamG4/dreamExperiment
# environment
PATH = /Library/Frameworks/Python.framework/Versions/3.10/bin:/Library/Frameworks/Python.framework/Versions/3.8/bin:/usr/local/bin:/usr/bin:/bin:/usr/sbin:/sbin:/Library/TeX/texbin
# makefile (from `GNUmakefile', line 10)
G4INSTALL = ../../..
# makefile (from `GNUmakefile', line 7)
G4EXLIB := true
# environment
VSCODE_LOG_STACK = false
# environment
ELECTRON_RUN_AS_NODE = 1
# default
.FEATURES := target-specific order-only second-expansion else-if archives jobserver check-symlink
# environment
SSH_AUTH_SOCK = /private/tmp/com.apple.launchd.H7wICltTcZ/Listeners
# automatic
%F = $(notdir $%)
# environment
VSCODE_PIPE_LOGGING = true
# environment
PWD = /Users/emanuelerosi/dreamG4/dreamExperiment
# environment
ORIGINAL_XDG_CURRENT_DESKTOP = undefined
# environment
VSCODE_AMD_ENTRYPOINT = vs/workbench/api/node/extensionHostProcess
# environment
HOME = /Users/emanuelerosi
# environment
LD_LIBRARY_PATH = /usr/local/Cellar/root/6.24.04//lib
# default
MAKEFILEPATH = $(shell /usr/bin/xcode-select -print-path 2>/dev/null || echo /Developer)/Makefiles
# environment
VSCODE_CLI = 1
# environment
VSCODE_CODE_CACHE_PATH = /Users/emanuelerosi/Library/Application Support/Code/CachedData/57fd6d0195bb9b9d1b49f6da5db789060795de47
# environment
LOGNAME = emanuelerosi
# environment
APPLICATION_INSIGHTS_NO_DIAGNOSTIC_CHANNEL = true
# environment
VSCODE_HANDLES_UNCAUGHT_ERRORS = true
# automatic
^D = $(patsubst %/,%,$(dir $^))
# environment
XPC_FLAGS = 0x0
# default
MAKE = $(MAKE_COMMAND)
# default
MAKECMDGOALS := all
# environment
SHLVL = 3
# default
MAKE_VERSION := 3.81
# environment
USER = emanuelerosi
# makefile
.DEFAULT_GOAL := all
# environment
TERM_SESSION_ID = A7446B3A-DD71-48B5-B82A-F24F6838B890
# automatic
%D = $(patsubst %/,%,$(dir $%))
# default
MAKE_COMMAND := /Library/Developer/CommandLineTools/usr/bin/make
# environment
TERM_PROGRAM = Apple_Terminal
# default
.VARIABLES := 
# environment
TMPDIR = /var/folders/dr/0kfsv0410yqcv4gkk8gg9vbc0000gn/T/
# automatic
*F = $(notdir $*)
# environment
VSCODE_IPC_HOOK = /Users/emanuelerosi/Library/Application Support/Code/1.67.0-main.sock
# makefile
MAKEFLAGS = Rrp
# makefile (from `GNUmakefile', line 5)
name := dream_simulation
# environment
MFLAGS = -Rrp
# automatic
*D = $(patsubst %/,%,$(dir $*))
# environment
TERM_PROGRAM_VERSION = 443
# environment
XPC_SERVICE_NAME = application.com.microsoft.VSCode.41609190.41609197.A9A7E946-4FA4-44F2-8811-0E7B4D705FAF
# automatic
+D = $(patsubst %/,%,$(dir $+))
# automatic
+F = $(notdir $+)
# environment
__CF_USER_TEXT_ENCODING = 0x1F5:0x0:0x4
# environment
COMMAND_MODE = unix2003
# default
MAKEFILES := 
# automatic
<F = $(notdir $<)
# environment
LC_ALL = C
# automatic
^F = $(notdir $^)
# default
SUFFIXES := 
# default
.INCLUDE_DIRS = /usr/local/include
# environment
MAKELEVEL := 0
# environment
LANG = C
# makefile (from `GNUmakefile', line 6)
G4TARGET := dream_simulation
# environment
TERM = xterm-256color
# environment
VSCODE_PID = 31358
# variable set hash-table stats:
# Load=74/1024=7%, Rehash=0, Collisions=1/99=1%

# Pattern-specific Variable Values

# No pattern-specific variable values.

# Directories

# . (device 16777220, inode 41138270): 5 files, no impossibilities so far.

# 5 files, no impossibilities in 1 directories.

# Implicit Rules

# No implicit rules.

# Files

all: lib bin
#  Phony target (prerequisite of .PHONY).
#  Command-line target.
#  Implicit rule search has not been done.
#  File does not exist.
#  File has not been updated.

# Not a target:
bin:
#  Implicit rule search has not been done.
#  Modification time never checked.
#  File has not been updated.

.PHONY: all
#  Implicit rule search has not been done.
#  Modification time never checked.
#  File has not been updated.

# Not a target:
.SUFFIXES:
#  Implicit rule search has not been done.
#  Modification time never checked.
#  File has not been updated.

visclean:
#  Implicit rule search has not been done.
#  Modification time never checked.
#  File has not been updated.
#  commands to execute (from `GNUmakefile', line 19):
	rm -f g4*.prim g4*.eps g4*.wrl
	rm -f .DAWN_*
	

# Not a target:
lib:
#  Implicit rule search has not been done.
#  Modification time never checked.
#  File has not been updated.

# Not a target:
.DEFAULT:
#  Implicit rule search has not been done.
#  Modification time never checked.
#  File has not been updated.

# Not a target:
GNUmakefile:
#  Implicit rule search has not been done.
#  Last modified 2022-04-15 18:56:22
#  File has not been updated.

# Not a target:
../../../config/binmake.gmk:
#  Implicit rule search has been done.
#  File does not exist.
#  File has not been updated.
# variable set hash-table stats:
# Load=0/32=0%, Rehash=0, Collisions=0/0=0%

# files hash-table stats:
# Load=9/1024=1%, Rehash=0, Collisions=0/26=0%
# VPATH Search Paths

# No `vpath' search paths.

# No general (`VPATH' variable) search path.

# # of strings in strcache: 2
# # of strcache buffers: 1
# strcache size: total = 4096 / max = 4096 / min = 4096 / avg = 4096
# strcache free: total = 4056 / max = 4056 / min = 4056 / avg = 4056

# Finished Make data base on Sat May  7 13:35:50 2022

 
